number,value,datetime_start,datetime_complete,duration,params_colsample_bytree,params_gamma,params_learning_rate,params_max_depth,params_min_child_weight,params_n_estimators,params_subsample,state
0,0.9333333333333333,2025-12-29 12:10:48.242470,2025-12-29 12:10:50.348340,0 days 00:00:02.105870,0.6624074561769746,0.7799726016810132,0.03574712922600244,10,1,233,0.8394633936788146,COMPLETE
1,0.9666666666666667,2025-12-29 12:10:50.349818,2025-12-29 12:10:50.668194,0 days 00:00:00.318376,0.9879639408647978,4.162213204002109,0.19030368381735815,7,3,227,0.608233797718321,COMPLETE
2,0.9333333333333333,2025-12-29 12:10:50.669203,2025-12-29 12:11:08.454583,0 days 00:00:17.785380,0.7727780074568463,1.4561457009902097,0.01855998084649059,4,7,126,0.8099025726528951,COMPLETE
3,0.9333333333333333,2025-12-29 12:11:08.455965,2025-12-29 12:11:09.774825,0 days 00:00:01.318860,0.9140703845572055,0.9983689107917987,0.01607123851203988,5,6,141,0.7824279936868144,COMPLETE
4,0.9333333333333333,2025-12-29 12:11:09.775333,2025-12-29 12:11:10.556464,0 days 00:00:00.781131,0.6260206371941118,4.7444276862666666,0.07500118950416987,3,10,202,0.6682096494749166,COMPLETE
5,0.9333333333333333,2025-12-29 12:11:10.558778,2025-12-29 12:11:10.903915,0 days 00:00:00.345137,0.7760609974958406,0.6101911742238941,0.1563510870813346,5,5,74,0.8736932106048627,COMPLETE
6,0.9333333333333333,2025-12-29 12:11:10.905443,2025-12-29 12:11:11.514966,0 days 00:00:00.609523,0.7246844304357644,2.600340105889054,0.011240768803005551,10,6,114,0.8650089137415928,COMPLETE
7,0.9666666666666667,2025-12-29 12:11:11.515966,2025-12-29 12:11:12.339723,0 days 00:00:00.823757,0.9579309401710595,2.9894998940554256,0.01875220945578641,10,10,244,0.9757995766256756,COMPLETE
8,0.9333333333333333,2025-12-29 12:11:12.340648,2025-12-29 12:11:12.767581,0 days 00:00:00.426933,0.7554709158757928,1.3567451588694794,0.01351182947645082,4,9,61,0.7301321323053057,COMPLETE
9,0.9333333333333333,2025-12-29 12:11:12.768408,2025-12-29 12:11:13.363166,0 days 00:00:00.594758,0.9208787923016158,0.3727532183988541,0.03364867144187954,5,10,186,0.6563696899899051,COMPLETE
10,0.9666666666666667,2025-12-29 12:11:13.363674,2025-12-29 12:11:14.014629,0 days 00:00:00.650955,0.8607466203112714,4.538323976412588,0.27917267077250213,8,2,293,0.6071847502459279,COMPLETE
11,0.9666666666666667,2025-12-29 12:11:14.016328,2025-12-29 12:11:14.569697,0 days 00:00:00.553369,0.9783238879894852,3.424825302479877,0.08932520939089074,8,3,276,0.9969555436367595,COMPLETE
12,0.9333333333333333,2025-12-29 12:11:14.570711,2025-12-29 12:11:15.225294,0 days 00:00:00.654583,0.9801465124891273,3.5556973115384753,0.29371699348370905,8,4,243,0.9992514607661931,COMPLETE
13,0.9333333333333333,2025-12-29 12:11:15.226304,2025-12-29 12:11:15.777506,0 days 00:00:00.551202,0.8607671511599737,3.5294545526617096,0.03240645898079072,7,8,241,0.92517235569813,COMPLETE
14,0.9333333333333333,2025-12-29 12:11:15.778030,2025-12-29 12:11:16.249520,0 days 00:00:00.471490,0.925913487601959,2.342868879211424,0.1523148524349551,9,4,211,0.9321252667131966,COMPLETE
15,0.9333333333333333,2025-12-29 12:11:16.249520,2025-12-29 12:11:16.777739,0 days 00:00:00.528219,0.9984067957444853,4.023343188055558,0.05399324249827852,7,1,264,0.7397185249075885,COMPLETE
16,0.9333333333333333,2025-12-29 12:11:16.778562,2025-12-29 12:11:17.152004,0 days 00:00:00.373442,0.8358394007383037,2.5001159138366806,0.024076587225259988,6,3,163,0.7151885985473115,COMPLETE
17,0.9666666666666667,2025-12-29 12:11:17.153371,2025-12-29 12:11:17.586494,0 days 00:00:00.433123,0.9496845871002791,4.159175729102805,0.14451784854438182,9,8,219,0.6021172149074232,COMPLETE
18,0.9666666666666667,2025-12-29 12:11:17.588535,2025-12-29 12:11:18.006206,0 days 00:00:00.417671,0.8887781922242812,2.8050866998308464,0.053355363643656575,9,5,170,0.9291461343899665,COMPLETE
19,0.9333333333333333,2025-12-29 12:11:18.007796,2025-12-29 12:11:18.577352,0 days 00:00:00.569556,0.8157091115658527,1.9009136319305533,0.09757372094958494,6,3,265,0.7830703261092126,COMPLETE
20,0.9666666666666667,2025-12-29 12:11:18.578977,2025-12-29 12:11:19.118777,0 days 00:00:00.539800,0.9615121677108989,3.0520687943695926,0.21031824710862398,10,7,300,0.6726589138729862,COMPLETE
21,0.9666666666666667,2025-12-29 12:11:19.120214,2025-12-29 12:11:19.651532,0 days 00:00:00.531318,0.8725947984564897,4.951016449110997,0.2808095738065111,8,2,288,0.6075420764533248,COMPLETE
22,0.9333333333333333,2025-12-29 12:11:19.652293,2025-12-29 12:11:20.093136,0 days 00:00:00.440843,0.9420994145572723,4.341135021231855,0.20740364764319116,7,2,253,0.6252758068339638,COMPLETE
23,0.9333333333333333,2025-12-29 12:11:20.093136,2025-12-29 12:11:20.633387,0 days 00:00:00.540251,0.8956486419854024,4.5040505108874935,0.11312748892434463,8,2,282,0.7058699422304472,COMPLETE
24,0.9333333333333333,2025-12-29 12:11:20.634917,2025-12-29 12:11:21.215698,0 days 00:00:00.580781,0.8394053143740743,3.680880783197507,0.20094059033649206,9,4,227,0.6398416562106084,COMPLETE
25,0.9333333333333333,2025-12-29 12:11:21.216376,2025-12-29 12:11:21.634078,0 days 00:00:00.417702,0.9878419455300441,3.9888122896515013,0.0689531755285121,6,1,197,0.7571017225883554,COMPLETE
26,0.9333333333333333,2025-12-29 12:11:21.634828,2025-12-29 12:11:22.125847,0 days 00:00:00.491019,0.9510382181698817,3.185307329433739,0.23467096183676087,7,3,252,0.6947674810962674,COMPLETE
27,0.9666666666666667,2025-12-29 12:11:22.127134,2025-12-29 12:11:22.580662,0 days 00:00:00.453528,0.9011747233555156,4.63795805996671,0.04204184991434494,8,2,291,0.8852786556263441,COMPLETE
28,0.9333333333333333,2025-12-29 12:11:22.582303,2025-12-29 12:11:23.156291,0 days 00:00:00.573988,0.7128679220403589,2.0612638100644602,0.023210997791558094,10,9,266,0.9550596038682698,COMPLETE
29,0.9333333333333333,2025-12-29 12:11:23.157695,2025-12-29 12:11:23.659917,0 days 00:00:00.502222,0.8610945928229813,3.7570882716752716,0.12999801653361062,10,1,300,0.8426294254332092,COMPLETE
30,0.9333333333333333,2025-12-29 12:11:23.661244,2025-12-29 12:11:24.166320,0 days 00:00:00.505076,0.8054580606368242,0.0013105615235660117,0.01003267824615753,9,5,231,0.6479230857573818,COMPLETE
31,0.9666666666666667,2025-12-29 12:11:24.166841,2025-12-29 12:11:24.684369,0 days 00:00:00.517528,0.9732971271118466,3.18042198651403,0.08897221257432321,8,3,268,0.9918174928096244,COMPLETE
32,0.9666666666666667,2025-12-29 12:11:24.685309,2025-12-29 12:11:25.180729,0 days 00:00:00.495420,0.9972153140736048,3.347416855441408,0.16270847087933876,8,4,279,0.9621825006986952,COMPLETE
33,0.9666666666666667,2025-12-29 12:11:25.181587,2025-12-29 12:11:25.820071,0 days 00:00:00.638484,0.9331548155483332,2.9018753728596574,0.2535382408394175,7,2,242,0.9716034712450213,COMPLETE
34,0.9666666666666667,2025-12-29 12:11:25.821646,2025-12-29 12:11:26.477611,0 days 00:00:00.655965,0.9628323431869626,3.9377216629126637,0.044976605794276085,9,3,272,0.9104439476163881,COMPLETE
35,0.9333333333333333,2025-12-29 12:11:26.478763,2025-12-29 12:11:26.949384,0 days 00:00:00.470621,0.6657907963255665,4.320501077480164,0.0725632169295163,6,7,213,0.8085726567746055,COMPLETE
36,0.9333333333333333,2025-12-29 12:11:26.950391,2025-12-29 12:11:27.332416,0 days 00:00:00.382025,0.9071834676288427,4.7009303273735705,0.18000150314160027,8,1,157,0.8362673721525016,COMPLETE
37,0.9333333333333333,2025-12-29 12:11:27.333605,2025-12-29 12:11:27.759266,0 days 00:00:00.425661,0.9742159481888645,4.991417930830014,0.11481112273682163,7,6,256,0.6829301392693443,COMPLETE
38,0.9333333333333333,2025-12-29 12:11:27.760276,2025-12-29 12:11:28.185030,0 days 00:00:00.424754,0.7760959745526586,4.3129714645753525,0.019532356351099945,3,4,193,0.6240457675051769,COMPLETE
39,0.9666666666666667,2025-12-29 12:11:28.186353,2025-12-29 12:11:28.616758,0 days 00:00:00.430405,0.9273075343959586,3.3303967609377114,0.08765840499039168,5,10,123,0.9746431299475664,COMPLETE
40,0.9333333333333333,2025-12-29 12:11:28.617264,2025-12-29 12:11:29.378239,0 days 00:00:00.760975,0.6195563704486615,2.8451942205093625,0.014055671886894933,4,6,226,0.9463810348499341,COMPLETE
41,0.9333333333333333,2025-12-29 12:11:29.379580,2025-12-29 12:11:29.906704,0 days 00:00:00.527124,0.9510255316878643,4.215436200409009,0.1350222295147735,9,9,217,0.6103164956733498,COMPLETE
42,0.9333333333333333,2025-12-29 12:11:29.907713,2025-12-29 12:11:30.633106,0 days 00:00:00.725393,0.945206209647044,3.8370761624114738,0.1765493557774612,10,8,248,0.6048433116091562,COMPLETE
43,0.9333333333333333,2025-12-29 12:11:30.634119,2025-12-29 12:11:31.077829,0 days 00:00:00.443710,0.9803352379816822,4.112413311423972,0.1307215224781771,9,8,236,0.6526267020562208,COMPLETE
44,0.9333333333333333,2025-12-29 12:11:31.079385,2025-12-29 12:11:31.661104,0 days 00:00:00.581719,0.9998616132522129,3.4019840821050376,0.24176667138851565,10,9,102,0.6221022544815686,COMPLETE
45,0.9333333333333333,2025-12-29 12:11:31.661777,2025-12-29 12:11:32.245786,0 days 00:00:00.584009,0.9122564237880024,3.706748934043779,0.06446488815684047,8,10,183,0.6362821869410101,COMPLETE
46,0.9333333333333333,2025-12-29 12:11:32.247253,2025-12-29 12:11:32.635077,0 days 00:00:00.387824,0.9634137205383159,4.620010080085739,0.10042328496518779,9,8,205,0.665565387827012,COMPLETE
47,0.9666666666666667,2025-12-29 12:11:32.636702,2025-12-29 12:11:33.086846,0 days 00:00:00.450144,0.8746567001108062,2.267399868430112,0.14820623835411195,9,7,279,0.9955662909202941,COMPLETE
48,0.9333333333333333,2025-12-29 12:11:33.088067,2025-12-29 12:11:33.563856,0 days 00:00:00.475789,0.8393251157124603,4.421006161437285,0.2909707428728721,8,5,291,0.7799717774331173,COMPLETE
49,0.9666666666666667,2025-12-29 12:11:33.564808,2025-12-29 12:11:33.957930,0 days 00:00:00.393122,0.9303988544829318,1.6822122334580452,0.17580393706356318,7,9,221,0.6005800047171014,COMPLETE
